SF:lib/src/data/datasources/movie_database_helper.dart
DA:10,0
DA:14,0
DA:15,0
DA:19,0
DA:20,0
DA:28,0
DA:29,0
DA:30,0
DA:32,0
DA:35,0
DA:36,0
DA:40,0
DA:41,0
DA:49,0
DA:57,0
DA:68,0
DA:69,0
DA:70,0
DA:81,0
DA:82,0
DA:83,0
DA:86,0
DA:87,0
DA:88,0
DA:91,0
DA:92,0
DA:93,0
DA:96,0
DA:99,0
DA:102,0
DA:103,0
DA:104,0
DA:107,0
DA:111,0
DA:112,0
DA:113,0
DA:114,0
DA:115,0
DA:116,0
DA:121,0
DA:122,0
DA:123,0
DA:126,0
DA:127,0
DA:128,0
LF:45
LH:0
end_of_record
SF:lib/src/data/datasources/movie_local_data_source.dart
DA:16,2
DA:20,1
DA:23,2
DA:26,2
DA:30,1
DA:33,2
DA:36,2
DA:40,1
DA:42,2
DA:43,1
DA:46,1
DA:48,2
DA:49,2
DA:52,1
DA:54,2
DA:55,2
DA:58,1
DA:60,2
DA:61,1
DA:62,2
DA:64,1
LF:21
LH:21
end_of_record
SF:lib/src/data/datasources/movie_remote_data_source.dart
DA:23,1
DA:27,1
DA:29,2
DA:30,1
DA:33,2
DA:34,4
DA:36,1
DA:39,1
DA:41,4
DA:43,2
DA:44,3
DA:46,1
DA:49,1
DA:51,2
DA:52,2
DA:55,2
DA:56,4
DA:58,1
DA:61,1
DA:63,2
DA:64,1
DA:67,2
DA:68,4
DA:70,1
DA:73,1
DA:75,2
DA:76,1
DA:79,2
DA:80,4
DA:82,1
DA:85,1
DA:87,2
DA:88,2
DA:91,2
DA:92,4
DA:94,1
LF:36
LH:36
end_of_record
SF:lib/src/data/models/genre_model.dart
DA:6,2
DA:11,1
DA:12,3
DA:14,0
DA:16,4
DA:18,1
DA:19,3
LF:7
LH:6
end_of_record
SF:lib/src/data/models/movie_detail_model.dart
DA:7,2
DA:53,1
DA:54,1
DA:55,1
DA:56,1
DA:57,1
DA:58,1
DA:59,4
DA:61,1
DA:62,1
DA:63,1
DA:64,1
DA:65,1
DA:66,1
DA:67,2
DA:68,1
DA:69,1
DA:70,1
DA:71,1
DA:72,1
DA:73,1
DA:74,1
DA:75,1
DA:76,2
DA:77,1
DA:80,0
DA:81,0
DA:82,0
DA:83,0
DA:84,0
DA:85,0
DA:86,0
DA:87,0
DA:88,0
DA:89,0
DA:90,0
DA:91,0
DA:92,0
DA:93,0
DA:94,0
DA:95,0
DA:96,0
DA:97,0
DA:98,0
DA:99,0
DA:100,0
DA:101,0
DA:104,1
DA:105,1
DA:106,1
DA:107,1
DA:108,5
DA:109,1
DA:110,1
DA:111,1
DA:112,1
DA:113,1
DA:114,1
DA:115,1
DA:116,1
DA:117,1
DA:121,1
DA:122,1
DA:123,1
DA:124,1
DA:125,1
DA:126,1
DA:127,1
DA:128,1
DA:129,1
DA:130,1
DA:131,1
DA:132,1
DA:133,1
DA:134,1
DA:135,1
DA:136,1
DA:137,1
DA:138,1
DA:139,1
DA:140,1
DA:141,1
DA:142,1
DA:143,1
LF:84
LH:62
end_of_record
SF:lib/src/data/models/movie_model.dart
DA:6,4
DA:36,4
DA:37,2
DA:38,2
DA:39,8
DA:40,2
DA:41,2
DA:42,2
DA:43,4
DA:44,2
DA:45,2
DA:46,2
DA:47,2
DA:48,4
DA:49,2
DA:52,2
DA:53,1
DA:54,1
DA:55,4
DA:56,1
DA:57,1
DA:58,1
DA:59,1
DA:60,1
DA:61,1
DA:62,1
DA:63,1
DA:64,1
DA:65,1
DA:68,2
DA:69,2
DA:70,2
DA:71,2
DA:72,2
DA:73,2
DA:74,2
DA:75,2
DA:76,2
DA:77,2
DA:78,2
DA:79,2
DA:80,2
DA:81,2
DA:82,2
DA:86,2
DA:87,2
DA:88,2
DA:89,2
DA:90,2
DA:91,2
DA:92,2
DA:93,2
DA:94,2
DA:95,2
DA:96,2
DA:97,2
DA:98,2
DA:99,2
DA:100,2
LF:59
LH:59
end_of_record
SF:lib/src/data/models/movie_response.dart
DA:6,2
DA:11,2
DA:15,1
DA:18,4
DA:20,2
DA:21,2
DA:24,4
DA:27,2
DA:28,2
DA:29,2
DA:30,2
DA:31,2
DA:35,2
DA:36,5
DA:39,1
DA:40,2
LF:16
LH:16
end_of_record
SF:lib/src/data/models/movie_table.dart
DA:8,2
DA:20,2
DA:21,1
DA:22,1
DA:23,1
DA:24,1
DA:27,2
DA:28,1
DA:29,1
DA:30,1
DA:31,1
DA:34,4
DA:35,2
DA:36,2
DA:37,2
DA:38,2
DA:41,0
DA:42,0
DA:43,0
DA:44,0
DA:45,0
DA:48,2
DA:49,1
DA:50,1
DA:51,1
DA:52,1
DA:55,2
DA:56,10
LF:28
LH:23
end_of_record
SF:lib/src/data/repositories/movie_repository_impl.dart
DA:15,1
DA:25,1
DA:27,2
DA:29,2
DA:30,2
DA:31,2
DA:33,5
DA:34,1
DA:35,2
DA:40,2
DA:41,5
DA:42,1
DA:43,3
DA:47,1
DA:50,2
DA:51,2
DA:52,1
DA:53,2
DA:54,1
DA:55,2
DA:59,1
DA:62,2
DA:63,3
DA:64,1
DA:65,2
DA:66,1
DA:67,2
DA:71,1
DA:74,2
DA:75,5
DA:76,1
DA:77,2
DA:78,1
DA:79,2
DA:83,1
DA:86,2
DA:87,5
DA:88,1
DA:89,2
DA:90,1
DA:91,2
DA:95,1
DA:98,2
DA:99,5
DA:100,1
DA:101,2
DA:102,1
DA:103,2
DA:107,1
DA:110,2
DA:111,1
DA:113,1
DA:114,1
DA:115,3
DA:119,1
DA:122,2
DA:123,1
DA:125,1
DA:126,1
DA:127,3
DA:131,1
DA:133,2
DA:137,1
DA:139,2
DA:140,5
LF:65
LH:65
end_of_record
SF:lib/src/domain/entities/genre.dart
DA:4,4
DA:9,1
DA:10,3
LF:3
LH:3
end_of_record
SF:lib/src/domain/entities/movie.dart
DA:4,3
DA:20,2
DA:49,2
DA:50,2
DA:51,2
DA:52,2
DA:53,2
DA:54,2
DA:55,2
DA:56,2
DA:57,2
DA:58,2
DA:59,2
DA:60,2
DA:61,2
DA:62,2
DA:63,2
LF:17
LH:17
end_of_record
SF:lib/src/domain/entities/movie_detail.dart
DA:6,4
DA:34,1
DA:35,1
DA:36,1
DA:37,1
DA:38,1
DA:39,1
DA:40,1
DA:41,1
DA:42,1
DA:43,1
DA:44,1
DA:45,1
DA:46,1
LF:14
LH:14
end_of_record
SF:lib/src/domain/usecases/get_movie_detail.dart
DA:10,1
DA:14,1
DA:16,2
LF:3
LH:3
end_of_record
SF:lib/src/domain/usecases/get_movie_recommendations.dart
DA:10,1
DA:14,1
DA:16,2
LF:3
LH:3
end_of_record
SF:lib/src/domain/usecases/get_now_playing_movies.dart
DA:10,1
DA:14,1
DA:16,2
LF:3
LH:3
end_of_record
SF:lib/src/domain/usecases/get_popular_movies.dart
DA:10,1
DA:14,1
DA:16,2
LF:3
LH:3
end_of_record
SF:lib/src/domain/usecases/get_top_rated_movies.dart
DA:10,1
DA:14,1
DA:16,2
LF:3
LH:3
end_of_record
SF:lib/src/domain/usecases/get_watchlist_movies.dart
DA:10,1
DA:14,1
DA:16,2
LF:3
LH:3
end_of_record
SF:lib/src/domain/usecases/get_watchlist_status.dart
DA:6,1
DA:10,1
DA:12,2
LF:3
LH:3
end_of_record
SF:lib/src/domain/usecases/remove_watchlist.dart
DA:10,1
DA:14,1
DA:16,2
LF:3
LH:3
end_of_record
SF:lib/src/domain/usecases/save_watchlist.dart
DA:10,1
DA:14,1
DA:16,2
LF:3
LH:3
end_of_record
SF:lib/src/domain/usecases/search_movies.dart
DA:10,1
DA:14,1
DA:16,2
LF:3
LH:3
end_of_record
SF:lib/src/injection/movie_domain_injection.dart
DA:20,0
DA:21,0
DA:22,0
DA:24,0
DA:25,0
DA:27,0
DA:28,0
DA:30,0
DA:31,0
DA:32,0
DA:33,0
DA:34,0
DA:38,0
DA:39,0
DA:40,0
DA:41,0
DA:42,0
DA:43,0
DA:44,0
DA:45,0
DA:46,0
DA:47,0
LF:22
LH:0
end_of_record
SF:lib/src/data/datasources/tv_database_helper.dart
DA:10,0
DA:14,0
DA:18,0
DA:19,0
DA:27,0
DA:28,0
DA:29,0
DA:31,0
DA:34,0
DA:35,0
DA:39,0
DA:40,0
DA:48,0
DA:56,0
DA:67,0
DA:68,0
DA:69,0
DA:80,0
DA:81,0
DA:82,0
DA:85,0
DA:86,0
DA:87,0
DA:90,0
DA:91,0
DA:92,0
DA:95,0
DA:98,0
DA:101,0
DA:102,0
DA:103,0
LF:31
LH:0
end_of_record
SF:lib/src/data/models/tv_table.dart
DA:11,3
DA:18,2
DA:19,1
DA:20,1
DA:21,1
DA:22,1
DA:25,4
DA:26,2
DA:27,4
DA:28,2
DA:29,2
DA:32,2
DA:33,1
DA:34,1
DA:35,1
DA:36,1
DA:39,4
DA:40,2
DA:41,2
DA:42,2
DA:43,2
DA:46,1
DA:47,5
LF:23
LH:23
end_of_record
SF:lib/src/data/datasources/tv_local_data_source.dart
DA:15,1
DA:17,1
DA:20,2
DA:23,2
DA:27,1
DA:30,2
DA:33,0
DA:37,1
DA:39,2
DA:41,1
DA:46,1
DA:48,2
DA:49,4
LF:13
LH:12
end_of_record
SF:lib/src/data/datasources/tv_remote_data_source.dart
DA:26,1
DA:28,1
DA:30,1
DA:32,1
DA:34,1
DA:36,1
DA:38,1
DA:40,1
DA:42,4
DA:43,1
DA:45,3
DA:49,1
DA:51,2
DA:53,1
DA:58,2
DA:59,2
DA:61,1
DA:63,3
DA:67,1
DA:69,2
DA:71,1
DA:72,3
DA:73,1
DA:75,2
DA:76,1
DA:78,2
DA:79,1
DA:83,1
DA:88,2
DA:89,0
DA:92,2
DA:93,0
DA:96,0
LF:33
LH:30
end_of_record
SF:lib/src/data/models/tv_detail_dto.dart
DA:6,8
DA:42,16
DA:43,8
DA:44,8
DA:45,8
DA:46,32
DA:48,24
DA:49,8
DA:50,8
DA:51,32
DA:53,8
DA:54,8
DA:55,8
DA:56,32
DA:57,8
DA:58,8
DA:60,16
DA:61,8
DA:62,8
DA:64,0
DA:65,8
DA:66,32
DA:68,8
DA:69,8
DA:70,32
DA:71,8
DA:72,8
DA:73,8
DA:74,16
DA:75,8
DA:76,8
DA:77,16
DA:78,16
DA:81,8
DA:82,16
DA:83,16
DA:86,8
DA:87,32
DA:89,8
DA:90,8
DA:91,32
DA:93,8
DA:94,8
DA:95,8
DA:96,16
DA:97,8
DA:100,0
DA:101,0
DA:102,0
DA:103,0
DA:104,0
DA:105,0
DA:106,0
DA:107,0
DA:108,0
DA:109,0
DA:110,0
DA:111,0
DA:112,0
DA:113,0
DA:114,0
DA:115,0
DA:116,0
DA:118,0
DA:119,0
DA:120,0
DA:122,0
DA:123,0
DA:124,0
DA:125,0
DA:126,0
DA:127,0
DA:128,0
DA:129,0
DA:130,0
DA:131,0
DA:132,0
DA:133,0
DA:134,0
DA:135,0
DA:136,0
DA:137,0
DA:138,0
DA:139,0
DA:140,0
DA:141,0
DA:142,0
DA:143,0
DA:144,0
DA:145,0
DA:146,0
DA:147,0
DA:184,2
DA:185,1
DA:186,1
DA:187,5
DA:188,3
DA:189,1
DA:190,5
DA:191,1
DA:192,1
DA:193,1
DA:194,4
DA:195,1
DA:196,2
DA:197,1
DA:198,1
DA:199,5
DA:200,1
DA:201,1
DA:202,4
DA:203,1
DA:204,1
DA:205,1
DA:206,1
DA:207,1
DA:208,1
DA:209,4
DA:211,1
DA:212,4
DA:214,5
DA:215,1
DA:216,1
DA:217,4
DA:219,1
DA:220,1
DA:221,1
DA:222,1
DA:223,1
DA:226,6
DA:227,6
DA:228,6
DA:229,6
DA:230,30
DA:231,6
DA:232,6
DA:233,30
DA:234,6
DA:235,6
DA:236,6
DA:237,6
DA:238,6
DA:239,12
DA:240,6
DA:241,6
DA:242,30
DA:243,6
DA:244,6
DA:245,6
DA:246,6
DA:247,6
DA:248,6
DA:249,6
DA:250,6
DA:251,6
DA:252,18
DA:253,6
DA:254,6
DA:255,18
DA:256,6
DA:257,30
DA:258,6
DA:259,30
DA:260,6
DA:261,6
DA:262,6
DA:263,6
DA:264,6
DA:268,1
DA:269,1
DA:270,1
DA:271,1
DA:272,1
DA:273,1
DA:274,1
DA:275,1
DA:276,1
DA:277,1
DA:278,1
DA:279,1
DA:280,1
DA:281,1
DA:282,1
DA:283,1
DA:284,1
DA:285,1
DA:286,1
DA:287,1
DA:288,1
DA:289,1
DA:290,1
DA:291,1
DA:292,1
DA:293,1
DA:294,1
DA:295,1
DA:296,1
DA:297,1
DA:298,1
DA:299,1
DA:300,1
DA:301,1
DA:302,1
DA:307,8
DA:316,16
DA:317,8
DA:318,8
DA:319,8
DA:320,8
DA:321,8
DA:322,8
DA:325,0
DA:326,0
DA:327,0
DA:328,0
DA:329,0
DA:330,0
DA:331,0
DA:341,2
DA:342,1
DA:343,1
DA:344,1
DA:345,1
DA:346,1
DA:347,1
DA:350,12
DA:351,6
DA:352,6
DA:353,6
DA:354,6
DA:355,6
DA:356,6
DA:359,1
DA:360,1
DA:361,1
DA:362,1
DA:363,1
DA:364,1
DA:365,1
DA:366,1
DA:371,8
DA:387,8
DA:388,8
DA:389,8
DA:390,8
DA:391,8
DA:392,16
DA:393,8
DA:394,8
DA:395,8
DA:396,8
DA:397,8
DA:398,8
DA:399,8
DA:400,8
DA:401,8
DA:404,0
DA:405,0
DA:406,0
DA:407,0
DA:408,0
DA:409,0
DA:410,0
DA:411,0
DA:412,0
DA:413,0
DA:414,0
DA:415,0
DA:416,0
DA:417,0
DA:418,0
DA:435,2
DA:436,1
DA:437,1
DA:438,1
DA:439,1
DA:440,1
DA:441,1
DA:442,1
DA:443,1
DA:444,1
DA:445,1
DA:446,1
DA:447,1
DA:448,1
DA:451,12
DA:452,6
DA:453,6
DA:454,6
DA:455,6
DA:456,6
DA:457,6
DA:458,6
DA:459,6
DA:460,6
DA:461,6
DA:462,6
DA:463,6
DA:464,6
DA:467,1
DA:468,1
DA:469,1
DA:470,1
DA:471,1
DA:472,1
DA:473,1
DA:474,1
DA:475,1
DA:476,1
DA:477,1
DA:478,1
DA:479,1
DA:480,1
DA:481,1
DA:486,8
DA:493,16
DA:494,8
DA:495,8
DA:496,8
DA:497,8
DA:500,0
DA:501,0
DA:502,0
DA:503,0
DA:504,0
DA:512,2
DA:513,1
DA:514,1
DA:515,1
DA:516,1
DA:519,12
DA:520,6
DA:521,6
DA:522,6
DA:523,6
DA:526,1
DA:527,5
DA:531,8
DA:538,8
DA:539,8
DA:540,8
DA:541,8
DA:542,8
DA:543,8
DA:546,0
DA:547,0
DA:548,0
DA:549,0
DA:550,0
DA:551,0
DA:559,2
DA:560,1
DA:561,1
DA:562,1
DA:563,1
DA:566,12
DA:567,6
DA:568,6
DA:569,6
DA:570,6
DA:573,1
DA:574,5
DA:578,8
DA:580,8
DA:581,24
DA:583,0
DA:584,0
DA:589,4
DA:591,6
DA:592,18
DA:594,1
DA:595,3
DA:599,8
DA:610,16
DA:611,8
DA:612,8
DA:613,8
DA:614,8
DA:615,8
DA:616,8
DA:617,8
DA:618,16
DA:621,0
DA:622,0
DA:623,0
DA:624,0
DA:625,0
DA:626,0
DA:627,0
DA:628,0
DA:629,0
DA:641,2
DA:642,1
DA:643,1
DA:644,1
DA:645,1
DA:646,1
DA:647,1
DA:648,1
DA:649,1
DA:652,12
DA:653,6
DA:654,6
DA:655,6
DA:656,6
DA:657,6
DA:658,6
DA:659,6
DA:660,6
DA:663,1
DA:664,1
DA:665,1
DA:666,1
DA:667,1
DA:668,1
DA:669,1
DA:670,1
DA:671,1
DA:672,1
DA:677,8
DA:683,8
DA:684,8
DA:685,8
DA:686,8
DA:687,8
DA:690,0
DA:691,0
DA:692,0
DA:693,0
DA:694,0
DA:701,2
DA:702,1
DA:703,1
DA:704,1
DA:707,6
DA:708,24
DA:710,1
DA:711,4
LF:438
LH:342
end_of_record
SF:lib/src/data/models/tv_list_dto.dart
DA:5,4
DA:23,4
DA:24,2
DA:25,2
DA:26,8
DA:27,2
DA:28,8
DA:29,2
DA:30,2
DA:31,2
DA:32,4
DA:33,2
DA:34,2
DA:35,2
DA:36,2
DA:37,4
DA:38,2
DA:41,2
DA:42,1
DA:43,1
DA:44,1
DA:45,1
DA:46,1
DA:47,1
DA:48,1
DA:49,1
DA:50,1
DA:51,1
DA:52,1
DA:53,1
DA:54,1
DA:55,1
DA:56,1
DA:75,0
DA:76,0
DA:77,0
DA:78,0
DA:79,0
DA:80,0
DA:81,0
DA:82,0
DA:83,0
DA:84,0
DA:85,0
DA:86,0
DA:87,0
DA:88,0
DA:89,0
DA:90,0
DA:93,3
DA:94,3
DA:95,3
DA:96,3
DA:97,3
DA:98,3
DA:99,3
DA:100,3
DA:101,3
DA:102,3
DA:103,3
DA:104,3
DA:105,3
DA:106,3
DA:107,3
DA:108,3
DA:109,3
DA:113,1
DA:114,1
DA:115,1
DA:116,1
DA:117,1
DA:118,1
DA:119,1
DA:120,1
DA:121,1
DA:122,1
DA:123,1
DA:124,1
DA:125,1
DA:126,1
DA:127,1
DA:128,1
DA:129,1
LF:83
LH:67
end_of_record
SF:lib/src/data/models/tv_season_detail_dto.dart
DA:5,5
DA:17,5
DA:18,5
DA:19,5
DA:20,5
DA:21,5
DA:22,20
DA:24,5
DA:25,5
DA:26,20
DA:28,5
DA:29,5
DA:30,5
DA:31,10
DA:34,0
DA:35,0
DA:36,0
DA:37,0
DA:38,0
DA:39,0
DA:40,0
DA:41,0
DA:42,0
DA:43,0
DA:44,0
DA:45,0
DA:46,0
DA:47,0
DA:48,0
DA:61,2
DA:62,1
DA:63,1
DA:64,5
DA:65,1
DA:66,5
DA:67,1
DA:68,1
DA:69,1
DA:70,1
DA:73,3
DA:74,3
DA:75,3
DA:76,3
DA:77,15
DA:78,3
DA:79,15
DA:80,3
DA:81,3
DA:82,3
DA:83,3
DA:87,1
DA:88,1
DA:89,1
DA:90,1
DA:91,1
DA:92,1
DA:93,1
DA:94,1
DA:95,1
DA:96,1
DA:97,1
DA:102,5
DA:120,5
DA:121,5
DA:122,5
DA:123,5
DA:124,5
DA:125,5
DA:126,5
DA:127,5
DA:128,5
DA:129,5
DA:130,5
DA:131,5
DA:132,5
DA:133,10
DA:134,5
DA:135,5
DA:136,20
DA:138,5
DA:139,20
DA:143,0
DA:144,0
DA:145,0
DA:146,0
DA:147,0
DA:148,0
DA:149,0
DA:150,0
DA:151,0
DA:152,0
DA:153,0
DA:154,0
DA:155,0
DA:156,0
DA:157,0
DA:158,0
DA:159,0
DA:160,0
DA:161,0
DA:180,2
DA:181,1
DA:182,1
DA:183,1
DA:184,1
DA:185,1
DA:186,1
DA:187,1
DA:188,1
DA:189,1
DA:190,1
DA:191,1
DA:192,1
DA:193,1
DA:194,5
DA:195,5
DA:198,6
DA:199,3
DA:200,3
DA:201,3
DA:202,3
DA:203,3
DA:204,3
DA:205,3
DA:206,3
DA:207,3
DA:208,3
DA:209,3
DA:210,3
DA:211,3
DA:212,15
DA:213,15
DA:216,1
DA:217,1
DA:218,1
DA:219,1
DA:220,1
DA:221,1
DA:222,1
DA:223,1
DA:224,1
DA:225,1
DA:226,1
DA:227,1
DA:228,1
DA:229,1
DA:230,1
DA:231,1
DA:232,1
DA:237,5
DA:251,5
DA:252,5
DA:253,5
DA:254,5
DA:255,5
DA:256,5
DA:257,5
DA:258,5
DA:259,5
DA:260,5
DA:261,5
DA:262,10
DA:263,5
DA:266,0
DA:267,0
DA:268,0
DA:269,0
DA:270,0
DA:271,0
DA:272,0
DA:273,0
DA:274,0
DA:275,0
DA:276,0
DA:277,0
DA:292,2
DA:293,1
DA:294,1
DA:295,1
DA:296,1
DA:297,1
DA:298,1
DA:299,1
DA:300,1
DA:301,1
DA:302,1
DA:303,1
DA:306,6
DA:307,3
DA:308,3
DA:309,3
DA:310,3
DA:311,3
DA:312,3
DA:313,3
DA:314,3
DA:315,3
DA:316,3
DA:317,3
DA:320,1
DA:321,1
DA:322,1
DA:323,1
DA:324,1
DA:325,1
DA:326,1
DA:327,1
DA:328,1
DA:329,1
DA:330,1
DA:331,1
DA:332,1
DA:337,5
DA:351,5
DA:352,5
DA:353,5
DA:354,5
DA:355,5
DA:356,5
DA:357,5
DA:358,5
DA:359,5
DA:360,5
DA:361,5
DA:362,10
DA:363,5
DA:366,0
DA:367,0
DA:368,0
DA:369,0
DA:370,0
DA:371,0
DA:372,0
DA:373,0
DA:374,0
DA:375,0
DA:376,0
DA:377,0
DA:378,0
DA:393,2
DA:394,1
DA:395,1
DA:396,1
DA:397,1
DA:398,1
DA:399,1
DA:400,1
DA:401,1
DA:402,1
DA:403,1
DA:404,1
DA:407,6
DA:408,3
DA:409,3
DA:410,3
DA:411,3
DA:412,3
DA:413,3
DA:414,3
DA:415,3
DA:416,3
DA:417,3
DA:418,3
DA:421,1
DA:422,1
DA:423,1
DA:424,1
DA:425,1
DA:426,1
DA:427,1
DA:428,1
DA:429,1
DA:430,1
DA:431,1
DA:432,1
DA:433,1
DA:438,5
DA:445,5
DA:446,5
DA:447,5
DA:448,5
DA:449,5
DA:450,5
DA:453,0
DA:454,0
DA:455,0
DA:456,0
DA:457,0
DA:458,0
DA:466,2
DA:467,1
DA:468,1
DA:469,1
DA:470,1
DA:473,6
DA:474,3
DA:475,3
DA:476,3
DA:477,3
DA:480,1
DA:481,5
LF:301
LH:236
end_of_record
SF:lib/src/data/models/genre_model.dart
DA:6,8
DA:11,8
DA:12,24
DA:14,4
DA:16,24
DA:18,1
DA:19,3
LF:7
LH:7
end_of_record
SF:lib/src/domain/entities/genre.dart
DA:4,6
DA:9,1
DA:10,3
LF:3
LH:3
end_of_record
SF:lib/src/domain/entities/tv_detail.dart
DA:5,6
DA:75,1
DA:76,1
DA:77,1
DA:78,1
DA:79,1
DA:80,1
DA:81,1
DA:82,1
DA:83,1
DA:84,1
DA:85,1
DA:86,1
DA:87,1
DA:88,1
DA:89,1
DA:90,1
DA:91,1
DA:92,1
DA:93,1
DA:94,1
DA:95,1
DA:96,1
DA:97,1
DA:98,1
DA:99,1
DA:100,1
DA:101,1
DA:102,1
DA:103,1
DA:104,1
DA:105,1
DA:106,1
DA:107,1
DA:108,1
DA:109,1
DA:114,6
DA:130,1
DA:131,1
DA:132,1
DA:133,1
DA:134,1
DA:135,1
DA:136,1
DA:137,1
DA:142,6
DA:172,1
DA:173,1
DA:174,1
DA:175,1
DA:176,1
DA:177,1
DA:178,1
DA:179,1
DA:180,1
DA:181,1
DA:182,1
DA:183,1
DA:184,1
DA:185,1
DA:186,1
DA:191,6
DA:203,1
DA:204,5
DA:208,6
DA:220,1
DA:221,5
DA:225,6
DA:230,1
DA:231,3
DA:235,6
DA:255,1
DA:256,1
DA:257,1
DA:258,1
DA:259,1
DA:260,1
DA:261,1
DA:262,1
DA:263,1
DA:264,1
DA:269,6
DA:279,1
DA:280,4
LF:84
LH:84
end_of_record
SF:lib/src/domain/entities/tv.dart
DA:4,3
DA:22,5
DA:55,1
DA:56,1
DA:57,1
DA:58,1
DA:59,1
DA:60,1
DA:61,1
DA:62,1
DA:63,1
DA:64,1
DA:65,1
DA:66,1
DA:67,1
DA:68,1
DA:69,1
DA:70,1
DA:71,1
LF:19
LH:19
end_of_record
SF:lib/src/domain/entities/tv_season_detail.dart
DA:4,3
DA:26,1
DA:27,1
DA:28,1
DA:29,1
DA:30,1
DA:31,1
DA:32,1
DA:33,1
DA:34,1
DA:35,1
DA:36,1
DA:41,3
DA:75,1
DA:76,1
DA:77,1
DA:78,1
DA:79,1
DA:80,1
DA:81,1
DA:82,1
DA:83,1
DA:84,1
DA:85,1
DA:86,1
DA:87,1
DA:88,1
DA:89,1
DA:90,1
DA:91,1
DA:96,3
DA:122,1
DA:123,1
DA:124,1
DA:125,1
DA:126,1
DA:127,1
DA:128,1
DA:129,1
DA:130,1
DA:131,1
DA:132,1
DA:133,1
DA:134,1
DA:139,3
DA:165,1
DA:166,1
DA:167,1
DA:168,1
DA:169,1
DA:170,1
DA:171,1
DA:172,1
DA:173,1
DA:174,1
DA:175,1
DA:176,1
DA:177,1
DA:182,3
DA:194,1
DA:195,5
LF:61
LH:61
end_of_record
SF:lib/src/data/repositories/tv_repository_impl.dart
DA:19,1
DA:25,1
DA:28,2
DA:29,5
DA:30,0
DA:31,0
DA:32,0
DA:33,0
DA:37,1
DA:40,2
DA:41,0
DA:42,1
DA:43,2
DA:44,0
DA:45,0
DA:49,1
DA:52,2
DA:53,0
DA:54,1
DA:55,0
DA:56,1
DA:57,2
DA:61,1
DA:64,2
DA:65,2
DA:66,0
DA:67,0
DA:68,0
DA:69,0
DA:73,0
DA:76,0
DA:77,0
DA:79,0
DA:83,0
DA:89,0
DA:93,1
DA:99,2
DA:103,2
DA:105,0
DA:109,0
DA:116,0
DA:120,1
DA:123,2
DA:124,0
DA:126,2
DA:130,1
DA:132,1
DA:136,3
DA:140,0
DA:143,0
DA:144,0
DA:146,0
DA:147,0
DA:148,0
DA:152,0
DA:155,0
DA:156,0
DA:158,0
DA:159,0
DA:160,0
DA:164,1
DA:166,2
DA:170,1
DA:172,2
DA:173,5
LF:65
LH:30
end_of_record
SF:lib/src/domain/usecases/get_on_the_air_tv.dart
DA:11,1
DA:13,1
DA:15,2
LF:3
LH:3
end_of_record
SF:lib/src/domain/usecases/get_popular_tv.dart
DA:11,1
DA:13,1
DA:15,2
LF:3
LH:3
end_of_record
SF:lib/src/domain/usecases/get_top_rated_tv.dart
DA:11,1
DA:13,1
DA:15,2
LF:3
LH:3
end_of_record
SF:lib/src/domain/usecases/get_tv_detail.dart
DA:10,1
DA:12,1
DA:14,2
LF:3
LH:3
end_of_record
SF:lib/src/domain/usecases/get_tv_recommendations.dart
DA:11,1
DA:13,1
DA:15,2
LF:3
LH:3
end_of_record
SF:lib/src/domain/usecases/get_tv_season_detail.dart
DA:12,1
DA:14,1
DA:16,4
DA:21,0
DA:26,0
DA:27,0
LF:6
LH:3
end_of_record
SF:lib/src/domain/usecases/get_watchlist_tv.dart
DA:11,1
DA:13,1
DA:15,2
LF:3
LH:3
end_of_record
SF:lib/src/domain/usecases/get_watchlist_tv_status.dart
DA:7,1
DA:9,1
DA:11,2
LF:3
LH:3
end_of_record
SF:lib/src/domain/usecases/remove_watchlist_tv.dart
DA:11,1
DA:13,1
DA:15,2
LF:3
LH:3
end_of_record
SF:lib/src/domain/usecases/save_watchlist_tv.dart
DA:11,1
DA:13,1
DA:15,2
LF:3
LH:3
end_of_record
SF:lib/src/domain/usecases/search_tv.dart
DA:10,1
DA:12,1
DA:14,2
LF:3
LH:3
end_of_record
SF:lib/src/injection/tv_domain_injection.dart
DA:20,0
DA:21,0
DA:22,0
DA:24,0
DA:25,0
DA:27,0
DA:28,0
DA:29,0
DA:30,0
DA:31,0
DA:32,0
DA:36,0
DA:37,0
DA:38,0
DA:39,0
DA:40,0
DA:41,0
DA:42,0
DA:43,0
DA:44,0
DA:45,0
DA:46,0
LF:22
LH:0
end_of_record
SF:lib/src/injection/movie_feature_injection.dart
DA:10,1
DA:11,1
DA:12,0
DA:13,0
DA:14,0
DA:15,0
DA:18,1
DA:19,0
DA:20,0
DA:21,0
DA:22,0
DA:23,0
DA:24,0
DA:27,1
DA:28,1
DA:29,1
DA:30,0
DA:32,1
DA:33,0
LF:19
LH:7
end_of_record
SF:lib/src/presentation/cubit/movie_detail_cubit.dart
DA:9,5
DA:27,1
DA:37,1
DA:38,1
DA:39,1
DA:40,1
DA:41,1
DA:42,1
DA:43,1
DA:44,1
DA:48,2
DA:49,2
DA:50,2
DA:51,2
DA:52,2
DA:53,2
DA:54,2
DA:55,2
DA:56,2
DA:61,2
DA:67,2
DA:78,1
DA:79,1
DA:81,1
DA:83,3
DA:85,2
DA:86,2
DA:88,1
DA:89,0
DA:90,0
DA:92,0
DA:95,1
DA:96,1
DA:98,1
DA:101,1
DA:104,1
DA:105,2
DA:111,1
DA:112,0
DA:113,0
DA:116,0
DA:119,2
DA:120,2
DA:131,1
DA:132,1
DA:134,2
DA:136,2
DA:138,1
DA:139,0
DA:140,1
DA:143,1
DA:144,1
DA:146,1
DA:149,1
DA:154,3
DA:155,2
DA:158,0
DA:159,0
DA:161,0
DA:163,0
DA:165,0
DA:166,0
DA:167,0
DA:170,0
DA:171,0
DA:173,0
DA:176,0
DA:181,0
DA:182,0
DA:185,1
DA:186,2
DA:187,3
DA:191,1
DA:195,2
DA:198,0
DA:201,1
DA:205,2
DA:208,4
LF:78
LH:57
end_of_record
SF:lib/src/presentation/cubit/movie_list_cubit.dart
DA:7,4
DA:25,1
DA:34,1
DA:35,1
DA:36,0
DA:37,1
DA:38,1
DA:39,1
DA:40,1
DA:41,1
DA:45,2
DA:46,2
DA:47,2
DA:48,2
DA:49,2
DA:50,2
DA:51,2
DA:52,2
DA:53,2
DA:58,2
DA:62,2
DA:68,1
DA:69,3
DA:71,2
DA:72,1
DA:73,0
DA:74,0
DA:76,0
DA:79,2
DA:80,2
DA:88,0
DA:89,0
DA:91,0
DA:92,0
DA:93,0
DA:94,0
DA:96,0
DA:99,0
DA:100,0
DA:108,0
DA:109,0
DA:111,0
DA:112,0
DA:113,0
DA:114,0
DA:116,0
DA:119,0
DA:120,0
LF:48
LH:26
end_of_record
SF:lib/src/presentation/cubit/movie_search_cubit.dart
DA:9,5
DA:19,1
DA:24,1
DA:25,0
DA:26,1
DA:27,1
DA:31,2
DA:32,8
DA:36,2
DA:37,2
DA:41,1
DA:42,1
DA:44,1
DA:47,1
DA:50,3
DA:52,2
DA:53,1
DA:54,2
DA:55,3
DA:57,0
DA:58,0
DA:63,1
DA:67,2
DA:70,4
LF:24
LH:21
end_of_record
SF:lib/src/presentation/cubit/popular_movies_cubit.dart
DA:7,4
DA:17,0
DA:22,0
DA:23,0
DA:24,0
DA:25,0
DA:29,1
DA:30,4
DA:34,2
DA:38,0
DA:39,0
DA:41,0
DA:42,0
DA:43,0
DA:44,0
DA:46,0
DA:47,0
LF:17
LH:4
end_of_record
SF:lib/src/presentation/cubit/top_rated_movies_cubit.dart
DA:7,4
DA:17,0
DA:22,0
DA:23,0
DA:24,0
DA:25,0
DA:29,1
DA:30,4
DA:34,1
DA:35,1
DA:39,0
DA:40,0
DA:42,0
DA:43,0
DA:44,0
DA:45,0
DA:47,0
DA:48,0
LF:18
LH:5
end_of_record
SF:lib/src/presentation/cubit/watchlist_movie_cubit.dart
DA:7,4
DA:17,1
DA:22,1
DA:23,1
DA:24,0
DA:25,1
DA:29,1
DA:30,4
DA:34,1
DA:35,1
DA:39,1
DA:40,3
DA:42,2
DA:43,1
DA:44,0
DA:45,0
DA:47,0
DA:50,2
DA:51,2
LF:19
LH:15
end_of_record
SF:lib/src/presentation/pages/home_movie_page.dart
DA:17,4
DA:21,1
DA:22,1
DA:26,1
DA:28,1
DA:29,3
DA:30,1
DA:31,2
DA:32,1
DA:33,1
DA:34,1
DA:38,1
DA:40,1
DA:41,1
DA:43,1
DA:44,1
DA:45,0
DA:50,1
DA:51,3
DA:52,1
DA:53,1
DA:55,1
DA:56,1
DA:57,1
DA:58,1
DA:66,1
DA:67,1
DA:68,2
DA:69,1
DA:71,1
DA:72,1
DA:73,1
DA:75,2
DA:79,1
DA:80,1
DA:81,1
DA:82,1
DA:84,1
DA:85,2
DA:96,1
DA:97,1
DA:98,2
DA:99,1
DA:100,1
DA:101,1
DA:103,0
DA:105,1
DA:106,1
DA:107,1
DA:108,1
DA:110,1
DA:111,2
DA:122,1
DA:123,1
DA:124,2
DA:125,1
DA:126,1
DA:127,1
DA:129,0
DA:131,1
DA:132,1
DA:133,1
DA:134,1
DA:136,1
DA:137,2
DA:148,1
DA:149,1
DA:151,1
DA:152,2
DA:153,1
DA:155,1
DA:157,1
DA:158,1
DA:159,1
DA:161,2
DA:164,2
DA:175,1
DA:179,1
DA:181,1
DA:182,1
DA:183,2
DA:184,0
DA:185,0
DA:186,0
DA:188,0
DA:189,0
DA:191,0
DA:192,0
DA:193,0
DA:194,0
DA:195,0
DA:196,0
DA:198,0
DA:199,0
DA:201,0
DA:202,0
DA:205,1
DA:211,1
DA:215,1
DA:217,1
DA:219,1
DA:221,2
DA:222,0
DA:223,0
DA:224,0
DA:226,0
DA:227,0
DA:228,0
DA:230,0
DA:232,0
DA:233,0
DA:234,0
DA:236,0
LF:113
LH:84
end_of_record
SF:lib/src/presentation/pages/movie_detail_page.dart
DA:16,0
DA:22,1
DA:23,1
DA:27,1
DA:29,1
DA:30,2
DA:31,2
DA:32,3
DA:33,3
DA:37,1
DA:39,1
DA:40,1
DA:41,1
DA:42,2
DA:43,1
DA:47,1
DA:49,1
DA:51,1
DA:53,1
DA:54,0
DA:55,1
DA:60,1
DA:61,1
DA:63,1
DA:64,1
DA:74,1
DA:75,1
DA:76,1
DA:78,1
DA:79,1
DA:80,1
DA:82,1
DA:84,1
DA:85,1
DA:89,2
DA:90,1
DA:94,2
DA:95,1
DA:97,1
DA:99,1
DA:102,2
DA:103,1
DA:104,1
DA:106,0
DA:107,0
DA:112,0
DA:123,0
DA:124,0
DA:125,0
DA:126,0
DA:127,0
DA:128,0
DA:130,0
DA:131,0
DA:133,0
DA:136,0
DA:138,0
DA:139,0
DA:140,0
DA:141,0
DA:142,0
DA:146,0
DA:147,0
DA:148,0
DA:154,1
DA:159,1
DA:161,2
DA:162,2
DA:164,3
DA:166,1
DA:168,1
DA:170,1
DA:171,2
DA:172,1
DA:177,1
DA:180,2
DA:181,0
DA:182,0
DA:185,1
DA:186,1
DA:195,1
DA:199,1
DA:201,1
DA:202,2
DA:203,3
DA:204,2
DA:205,1
DA:206,1
DA:207,1
DA:208,2
DA:209,4
DA:210,1
DA:212,2
DA:214,1
DA:218,4
DA:223,2
DA:224,2
DA:225,1
DA:226,1
DA:227,1
DA:228,1
DA:229,1
DA:231,3
DA:233,1
DA:235,3
DA:250,1
DA:254,1
DA:256,1
DA:258,1
DA:259,1
DA:261,1
DA:264,1
DA:265,1
DA:266,1
DA:268,3
DA:279,1
DA:287,1
DA:289,2
DA:291,1
DA:293,1
DA:295,1
DA:296,2
DA:297,2
DA:298,2
DA:299,1
DA:300,2
DA:301,2
DA:302,2
DA:303,1
DA:312,1
DA:316,1
DA:318,1
DA:320,1
DA:321,1
DA:323,1
DA:325,3
DA:327,2
DA:328,1
DA:329,1
DA:330,4
DA:332,1
DA:341,1
DA:353,1
DA:357,2
DA:359,2
DA:360,0
DA:361,2
DA:362,0
DA:364,0
DA:366,0
DA:369,1
DA:370,1
DA:371,1
DA:373,2
DA:374,0
DA:375,1
DA:376,2
DA:377,1
DA:379,0
DA:386,1
DA:388,1
DA:389,1
DA:391,1
DA:393,3
DA:395,2
DA:403,1
DA:408,1
DA:410,1
DA:411,1
DA:412,2
DA:413,1
DA:414,1
DA:415,1
DA:417,1
DA:418,1
DA:419,1
DA:420,2
DA:421,1
DA:422,3
DA:425,1
DA:427,0
DA:431,2
DA:432,1
DA:433,2
DA:436,1
DA:438,3
DA:448,1
DA:453,1
DA:455,1
DA:456,3
DA:457,1
DA:458,1
DA:459,2
DA:461,1
DA:463,1
DA:464,3
DA:465,2
DA:466,1
DA:467,2
DA:468,2
DA:477,1
DA:482,1
DA:484,1
DA:486,1
DA:487,1
DA:489,1
DA:492,1
DA:493,1
DA:494,3
DA:498,2
LF:210
LH:178
end_of_record
SF:lib/src/presentation/pages/popular_movies_page.dart
DA:9,5
DA:13,1
DA:14,1
DA:18,1
DA:20,1
DA:21,3
DA:22,1
DA:23,3
DA:27,1
DA:29,1
DA:30,1
DA:31,1
DA:33,1
DA:34,1
DA:35,2
DA:37,2
DA:38,1
DA:39,2
DA:40,0
DA:43,1
DA:45,2
LF:21
LH:20
end_of_record
SF:lib/src/presentation/pages/search_movie_page.dart
DA:9,4
DA:13,1
DA:15,1
DA:16,1
DA:17,1
DA:19,1
DA:21,1
DA:22,1
DA:23,1
DA:24,2
DA:34,2
DA:35,1
DA:36,1
DA:37,2
DA:39,2
DA:40,1
DA:41,1
DA:43,2
DA:44,2
DA:45,2
LF:20
LH:20
end_of_record
SF:lib/src/presentation/pages/top_rated_movies_page.dart
DA:9,4
DA:13,1
DA:14,1
DA:18,1
DA:20,1
DA:21,3
DA:22,1
DA:23,3
DA:27,1
DA:29,1
DA:30,1
DA:31,1
DA:33,1
DA:34,1
DA:35,2
DA:37,2
DA:38,1
DA:39,2
DA:40,0
DA:43,1
DA:45,2
LF:21
LH:20
end_of_record
SF:lib/src/presentation/routes/movie_routes.dart
DA:12,0
DA:21,1
DA:22,1
DA:23,1
DA:24,1
DA:27,0
DA:28,0
DA:39,1
DA:40,1
DA:41,1
DA:44,0
DA:45,0
DA:52,1
DA:55,0
DA:56,0
DA:63,1
DA:66,0
DA:67,0
DA:71,0
DA:72,0
DA:77,0
DA:81,1
DA:84,0
DA:85,0
LF:24
LH:10
end_of_record
SF:lib/src/presentation/widgets/carousell_banner_widget.dart
DA:9,1
DA:37,2
DA:42,2
DA:43,2
DA:50,2
DA:52,2
DA:53,4
DA:56,2
DA:58,4
DA:59,2
DA:62,2
DA:64,6
DA:65,6
DA:68,1
DA:69,1
DA:70,1
DA:72,2
DA:73,1
DA:74,1
DA:75,3
DA:76,0
DA:77,0
DA:78,0
DA:81,1
DA:82,3
DA:83,1
DA:85,4
DA:90,5
DA:91,2
DA:92,1
DA:94,1
DA:95,3
DA:96,2
DA:98,2
DA:99,4
DA:100,1
DA:101,1
DA:102,2
DA:104,1
DA:105,1
DA:117,1
DA:122,1
DA:124,1
DA:126,1
DA:127,2
DA:128,1
DA:130,1
DA:131,1
DA:132,3
DA:134,2
DA:138,0
DA:149,1
DA:150,1
DA:151,1
DA:154,1
DA:155,1
DA:156,1
DA:157,1
DA:164,1
DA:166,1
DA:167,1
DA:168,1
DA:169,2
DA:170,1
DA:171,2
DA:173,1
DA:174,1
DA:176,1
DA:178,4
DA:181,1
DA:183,1
DA:186,1
DA:187,1
DA:188,1
DA:189,1
DA:190,1
DA:191,2
DA:192,1
DA:193,1
DA:195,3
DA:198,2
DA:199,0
DA:200,0
DA:203,0
DA:205,2
DA:206,4
DA:207,1
DA:208,1
DA:210,3
DA:214,4
DA:215,1
DA:217,0
DA:218,1
DA:219,0
DA:220,1
DA:222,1
DA:223,1
DA:224,1
DA:225,2
DA:226,1
DA:227,2
DA:229,1
DA:232,1
DA:235,1
DA:237,0
DA:238,1
DA:239,0
DA:240,1
DA:242,1
DA:243,1
DA:244,2
DA:246,1
DA:247,2
DA:250,2
DA:256,1
DA:257,3
DA:258,1
DA:259,1
DA:260,2
DA:262,1
DA:263,2
DA:264,1
DA:266,2
DA:267,1
DA:273,3
DA:274,1
DA:275,2
DA:276,1
DA:279,1
DA:280,2
DA:281,2
DA:284,3
DA:301,1
DA:313,1
DA:315,1
DA:316,1
DA:317,1
DA:318,1
DA:320,1
DA:321,1
DA:322,2
DA:323,2
DA:325,1
DA:327,1
DA:328,2
DA:330,1
DA:332,1
DA:333,4
DA:334,2
DA:335,1
DA:336,1
DA:337,2
DA:340,2
DA:350,2
DA:354,2
DA:356,2
DA:358,3
DA:359,2
DA:361,4
DA:363,2
DA:364,2
DA:366,4
DA:373,1
DA:374,2
DA:378,0
LF:165
LH:153
end_of_record
SF:lib/src/presentation/widgets/genre_chip.dart
DA:6,3
DA:11,3
DA:13,3
DA:14,3
DA:15,6
DA:16,6
DA:18,3
DA:19,3
DA:20,6
DA:21,6
DA:23,3
DA:24,3
DA:25,6
DA:28,6
LF:14
LH:14
end_of_record
SF:lib/src/presentation/widgets/movie_card_list.dart
DA:13,2
DA:18,2
DA:20,2
DA:22,2
DA:23,1
DA:24,1
DA:25,0
DA:26,0
DA:27,0
DA:29,0
DA:32,0
DA:33,0
DA:38,3
DA:40,2
DA:42,2
DA:43,2
DA:44,2
DA:50,2
DA:52,2
DA:53,2
DA:54,4
DA:57,2
DA:60,2
DA:61,4
DA:69,2
DA:71,2
DA:73,2
DA:74,6
DA:76,2
DA:78,0
LF:30
LH:23
end_of_record
SF:lib/src/presentation/widgets/rating_chip.dart
DA:5,1
DA:9,1
DA:11,1
DA:13,1
DA:15,2
DA:17,1
DA:18,2
DA:19,4
LF:8
LH:8
end_of_record
SF:lib/src/presentation/pages/about_page.dart
DA:7,2
DA:11,1
DA:13,1
DA:14,1
DA:15,1
DA:16,0
DA:21,1
DA:23,1
DA:24,1
DA:26,1
DA:28,1
DA:30,1
DA:31,1
DA:39,1
DA:42,2
DA:45,1
DA:48,2
DA:51,1
DA:52,1
DA:54,1
DA:56,1
DA:57,1
DA:59,2
DA:62,1
DA:64,2
DA:67,1
DA:69,2
LF:27
LH:26
end_of_record
SF:lib/src/presentation/pages/profile_page.dart
DA:8,2
DA:12,2
DA:14,2
DA:15,2
DA:16,2
DA:18,2
DA:19,2
DA:22,2
DA:24,4
DA:31,2
DA:34,4
DA:37,2
DA:40,4
DA:43,2
DA:44,2
DA:46,2
DA:48,2
DA:49,2
DA:51,4
DA:54,2
DA:56,4
DA:62,2
DA:63,0
DA:64,0
DA:69,2
DA:70,2
DA:77,2
LF:27
LH:25
end_of_record
SF:lib/src/presentation/routes/profile_routes.dart
DA:8,0
DA:14,1
DA:15,1
DA:16,1
DA:17,1
DA:20,2
DA:21,1
DA:32,2
DA:33,2
DA:34,2
DA:37,2
DA:38,1
LF:12
LH:11
end_of_record
SF:lib/src/injection/tv_feature_injection.dart
DA:8,1
DA:9,1
DA:10,0
DA:11,0
DA:12,0
DA:13,0
DA:16,1
DA:17,0
DA:18,0
DA:19,0
DA:20,0
DA:23,1
DA:24,0
DA:25,0
DA:26,0
DA:27,0
DA:28,0
DA:31,1
LF:18
LH:5
end_of_record
SF:lib/src/presentation/cubit/tv_detail_cubit.dart
DA:10,3
DA:30,1
DA:43,1
DA:44,1
DA:45,1
DA:46,1
DA:47,1
DA:50,1
DA:51,1
DA:54,1
DA:55,1
DA:59,2
DA:60,2
DA:61,2
DA:62,2
DA:63,2
DA:64,2
DA:65,2
DA:66,2
DA:67,2
DA:68,2
DA:73,2
DA:77,2
DA:83,1
DA:84,1
DA:86,1
DA:88,3
DA:90,2
DA:91,2
DA:93,1
DA:94,0
DA:95,0
DA:97,1
DA:98,1
DA:100,2
DA:102,1
DA:103,1
DA:104,2
DA:113,1
DA:114,0
DA:115,0
DA:118,0
DA:121,2
DA:122,2
DA:133,1
DA:134,1
DA:136,1
DA:138,3
DA:140,2
DA:141,1
DA:144,1
DA:145,0
DA:146,0
DA:148,0
DA:151,2
DA:152,2
DA:159,1
DA:160,1
DA:162,1
DA:172,0
DA:173,0
DA:176,1
DA:177,2
DA:180,2
DA:184,1
DA:188,2
DA:191,0
DA:194,1
DA:198,2
DA:201,4
LF:70
LH:59
end_of_record
SF:lib/src/presentation/cubit/tv_list_cubit.dart
DA:8,3
DA:26,1
DA:35,1
DA:36,1
DA:37,0
DA:38,1
DA:39,1
DA:40,1
DA:41,1
DA:42,1
DA:46,4
DA:47,4
DA:48,4
DA:49,4
DA:50,4
DA:51,4
DA:52,4
DA:53,4
DA:54,4
DA:59,4
DA:63,4
DA:69,1
DA:70,3
DA:72,2
DA:73,1
DA:74,0
DA:75,0
DA:77,0
DA:80,2
DA:81,2
DA:89,0
DA:90,0
DA:92,0
DA:93,0
DA:94,0
DA:95,0
DA:97,0
DA:100,0
DA:101,0
DA:109,0
DA:110,0
DA:112,0
DA:113,0
DA:114,0
DA:115,0
DA:117,0
DA:120,0
DA:121,0
LF:48
LH:26
end_of_record
SF:lib/src/presentation/cubit/tv_search_cubit.dart
DA:10,3
DA:20,1
DA:25,1
DA:26,0
DA:27,1
DA:28,1
DA:32,2
DA:33,8
DA:37,4
DA:41,1
DA:42,1
DA:44,1
DA:47,1
DA:50,3
DA:52,2
DA:53,1
DA:54,2
DA:55,3
DA:57,0
DA:58,0
DA:63,1
DA:67,2
DA:70,4
LF:23
LH:20
end_of_record
SF:lib/src/presentation/cubit/watchlist_tv_cubit.dart
DA:10,3
DA:24,1
DA:31,1
DA:32,1
DA:33,1
DA:34,1
DA:35,1
DA:36,1
DA:40,1
DA:41,1
DA:42,1
DA:43,1
DA:44,1
DA:45,1
DA:46,1
DA:51,2
DA:56,2
DA:66,0
DA:67,0
DA:69,0
DA:70,0
DA:71,0
DA:72,0
DA:74,0
DA:77,0
DA:78,0
DA:86,1
DA:87,2
DA:88,3
DA:91,1
DA:92,2
DA:93,1
DA:94,1
DA:95,1
DA:97,2
DA:100,3
DA:101,2
DA:104,0
DA:105,0
DA:106,0
DA:107,0
DA:108,0
DA:110,0
DA:113,0
DA:114,0
DA:117,1
DA:118,1
DA:119,0
DA:120,1
DA:125,1
DA:129,2
DA:132,4
LF:52
LH:34
end_of_record
SF:lib/src/presentation/pages/popular_tv_page.dart
DA:11,3
DA:13,1
DA:14,1
DA:18,1
DA:20,1
DA:21,5
DA:24,1
DA:26,1
DA:27,1
DA:28,1
DA:30,1
DA:31,1
DA:32,2
DA:34,2
DA:35,1
DA:36,0
DA:37,0
DA:38,0
DA:40,2
LF:19
LH:16
end_of_record
SF:lib/src/presentation/widgets/tv_card_list.dart
DA:14,2
DA:16,2
DA:18,2
DA:20,2
DA:21,1
DA:22,1
DA:23,0
DA:24,0
DA:25,0
DA:27,0
DA:30,0
DA:31,0
DA:36,3
DA:38,2
DA:40,2
DA:41,2
DA:42,2
DA:48,2
DA:50,2
DA:51,2
DA:52,4
DA:55,2
DA:58,2
DA:59,4
DA:67,2
DA:69,2
DA:71,2
DA:72,6
DA:74,2
DA:76,0
LF:30
LH:23
end_of_record
SF:lib/src/presentation/pages/search_tv_page.dart
DA:11,3
DA:13,1
DA:15,1
DA:16,2
DA:17,1
DA:19,1
DA:21,1
DA:22,1
DA:23,1
DA:24,2
DA:26,1
DA:28,1
DA:29,1
DA:33,1
DA:34,2
DA:35,1
DA:36,1
DA:37,2
DA:38,2
DA:39,2
DA:40,1
DA:41,1
DA:42,1
DA:44,1
DA:45,2
DA:46,1
DA:48,1
DA:52,2
LF:28
LH:28
end_of_record
SF:lib/src/presentation/pages/top_rated_tv_page.dart
DA:11,3
DA:13,1
DA:14,1
DA:18,1
DA:20,1
DA:21,5
DA:24,1
DA:26,1
DA:27,1
DA:28,1
DA:30,1
DA:31,1
DA:32,2
DA:34,2
DA:35,1
DA:36,0
DA:37,0
DA:38,0
DA:40,2
LF:19
LH:16
end_of_record
SF:lib/src/presentation/pages/tv_detail_page.dart
DA:20,1
DA:22,1
DA:23,1
DA:27,1
DA:29,1
DA:30,2
DA:31,2
DA:32,2
DA:33,3
DA:34,3
DA:35,2
DA:38,1
DA:39,2
DA:40,1
DA:46,1
DA:48,1
DA:49,1
DA:50,1
DA:51,2
DA:52,2
DA:53,1
DA:57,1
DA:59,1
DA:61,1
DA:63,1
DA:64,0
DA:65,0
DA:66,1
DA:71,1
DA:72,1
DA:76,1
DA:77,1
DA:87,1
DA:88,1
DA:90,3
DA:91,2
DA:92,1
DA:94,1
DA:95,1
DA:96,1
DA:98,1
DA:100,1
DA:101,1
DA:105,2
DA:106,1
DA:110,2
DA:111,1
DA:113,1
DA:115,1
DA:119,1
DA:120,1
DA:122,0
DA:123,0
DA:128,0
DA:139,0
DA:143,0
DA:144,0
DA:145,0
DA:146,0
DA:147,0
DA:148,0
DA:150,0
DA:153,0
DA:155,0
DA:156,0
DA:157,0
DA:158,0
DA:159,0
DA:163,0
DA:164,0
DA:165,0
DA:174,1
DA:176,1
DA:178,2
DA:179,2
DA:181,3
DA:182,2
DA:184,1
DA:186,1
DA:188,1
DA:189,2
DA:190,1
DA:195,1
DA:198,2
DA:199,0
DA:200,0
DA:203,1
DA:204,1
DA:213,1
DA:217,1
DA:219,1
DA:220,2
DA:221,3
DA:222,2
DA:223,1
DA:224,1
DA:225,1
DA:226,2
DA:227,4
DA:228,1
DA:230,2
DA:232,1
DA:236,4
DA:241,2
DA:242,2
DA:243,1
DA:244,1
DA:245,1
DA:246,1
DA:247,1
DA:251,1
DA:253,1
DA:255,3
DA:272,1
DA:274,1
DA:276,1
DA:278,1
DA:279,1
DA:281,1
DA:284,1
DA:285,1
DA:286,1
DA:288,3
DA:299,1
DA:307,1
DA:309,2
DA:311,1
DA:313,1
DA:315,1
DA:316,1
DA:317,1
DA:318,2
DA:319,0
DA:320,0
DA:321,0
DA:322,0
DA:323,0
DA:327,1
DA:328,2
DA:329,3
DA:330,2
DA:331,2
DA:333,2
DA:334,2
DA:335,2
DA:336,1
DA:337,2
DA:338,2
DA:339,2
DA:340,1
DA:353,1
DA:359,1
DA:361,2
DA:363,1
DA:365,1
DA:366,1
DA:368,2
DA:370,2
DA:371,2
DA:372,0
DA:374,0
DA:377,1
DA:379,1
DA:380,1
DA:381,1
DA:382,2
DA:383,2
DA:384,1
DA:387,4
DA:388,1
DA:392,1
DA:406,1
DA:413,1
DA:415,3
DA:419,2
DA:423,2
DA:424,0
DA:427,2
DA:431,1
DA:434,2
DA:435,1
DA:437,1
DA:438,1
DA:441,1
DA:442,2
DA:444,1
DA:445,0
DA:446,1
DA:448,1
DA:450,1
DA:451,2
DA:454,3
DA:462,1
DA:466,1
DA:468,1
DA:470,1
DA:471,1
DA:473,1
DA:475,3
DA:477,2
DA:478,1
DA:479,1
DA:480,4
DA:482,1
DA:491,1
DA:503,1
DA:507,2
DA:509,2
DA:510,0
DA:511,2
DA:512,0
DA:514,0
DA:516,0
DA:519,1
DA:520,1
DA:521,1
DA:523,2
DA:524,0
DA:525,1
DA:526,2
DA:527,1
DA:533,1
DA:535,1
DA:536,1
DA:538,1
DA:540,3
DA:542,2
DA:550,1
DA:555,1
DA:557,1
DA:558,1
DA:559,1
DA:560,1
DA:561,2
DA:562,1
DA:564,1
DA:565,1
DA:566,1
DA:567,2
DA:568,1
DA:569,3
DA:572,2
DA:573,1
DA:576,0
DA:577,0
DA:583,2
DA:584,1
DA:585,2
DA:588,1
DA:590,3
DA:600,1
DA:605,1
DA:607,1
DA:608,3
DA:609,1
DA:610,1
DA:611,2
DA:613,1
DA:615,1
DA:616,3
DA:617,2
DA:618,1
DA:619,2
DA:620,2
DA:632,1
DA:634,1
DA:636,1
DA:637,1
DA:639,1
DA:641,1
DA:648,1
DA:649,1
DA:650,1
DA:652,3
DA:656,1
DA:657,1
DA:659,1
DA:661,3
LF:278
LH:238
end_of_record
SF:lib/src/presentation/widgets/genre_chip.dart
DA:6,3
DA:11,3
DA:13,3
DA:14,3
DA:15,6
DA:16,6
DA:18,3
DA:19,3
DA:20,6
DA:21,6
DA:23,3
DA:24,3
DA:25,6
DA:28,6
LF:14
LH:14
end_of_record
SF:lib/src/presentation/widgets/rating_chip.dart
DA:5,2
DA:9,2
DA:11,2
DA:13,2
DA:15,4
DA:17,2
DA:18,4
DA:19,8
LF:8
LH:8
end_of_record
SF:lib/src/presentation/widgets/season_button_pill.dart
DA:7,2
DA:18,2
DA:20,2
DA:22,2
DA:23,4
DA:24,4
DA:25,2
DA:26,6
DA:27,2
DA:28,2
DA:29,2
DA:30,1
DA:31,4
DA:32,2
DA:33,2
DA:35,1
DA:39,2
DA:42,2
DA:43,2
DA:44,4
DA:45,8
LF:21
LH:21
end_of_record
SF:lib/src/presentation/pages/tv_page.dart
DA:16,3
DA:20,1
DA:21,1
DA:25,1
DA:27,1
DA:28,1
DA:29,3
DA:30,1
DA:31,1
DA:32,1
DA:36,1
DA:38,1
DA:39,1
DA:41,1
DA:42,1
DA:43,0
DA:44,0
DA:50,1
DA:51,1
DA:52,1
DA:53,1
DA:54,1
DA:55,1
DA:56,1
DA:57,1
DA:65,1
DA:66,1
DA:67,2
DA:68,1
DA:70,1
DA:71,1
DA:72,1
DA:74,2
DA:78,1
DA:79,1
DA:80,1
DA:81,1
DA:82,2
DA:83,1
DA:84,2
DA:86,0
DA:95,1
DA:96,1
DA:97,1
DA:98,1
DA:100,0
DA:102,1
DA:103,1
DA:104,1
DA:105,1
DA:107,1
DA:108,2
DA:118,1
DA:119,1
DA:120,1
DA:121,1
DA:123,0
DA:125,1
DA:126,1
DA:127,1
DA:128,1
DA:130,1
DA:131,2
DA:141,1
DA:142,1
DA:144,1
DA:145,2
DA:146,1
DA:163,1
DA:165,1
DA:167,1
DA:168,1
DA:169,2
DA:170,0
DA:171,0
DA:172,0
DA:174,0
DA:175,0
DA:177,0
DA:178,0
DA:179,0
DA:180,0
DA:181,0
DA:182,0
DA:184,0
DA:185,0
DA:187,0
DA:188,0
DA:191,1
DA:199,1
DA:201,1
DA:203,1
DA:205,1
DA:207,2
DA:208,0
DA:209,0
DA:210,0
DA:212,0
DA:213,0
DA:214,0
DA:216,0
DA:218,0
DA:219,0
DA:220,0
DA:222,0
DA:236,1
DA:238,1
DA:240,1
DA:242,1
DA:244,2
DA:245,0
DA:246,0
DA:247,0
DA:249,0
DA:250,0
DA:251,0
DA:253,0
DA:255,0
DA:256,0
DA:257,0
DA:259,0
LF:121
LH:79
end_of_record
SF:lib/src/presentation/widgets/carousell_banner_widget.dart
DA:9,1
DA:37,2
DA:42,2
DA:43,2
DA:50,2
DA:52,2
DA:53,4
DA:56,2
DA:58,4
DA:59,2
DA:62,2
DA:64,6
DA:65,6
DA:68,1
DA:69,1
DA:70,1
DA:72,2
DA:73,1
DA:74,1
DA:75,3
DA:76,0
DA:77,0
DA:78,0
DA:81,1
DA:82,3
DA:83,1
DA:85,4
DA:90,5
DA:91,2
DA:92,1
DA:94,1
DA:95,3
DA:96,2
DA:98,2
DA:99,4
DA:100,1
DA:101,1
DA:102,2
DA:104,1
DA:105,1
DA:117,1
DA:122,1
DA:124,1
DA:126,1
DA:127,2
DA:128,1
DA:130,1
DA:131,1
DA:132,3
DA:134,2
DA:138,0
DA:149,1
DA:150,1
DA:151,1
DA:154,1
DA:155,1
DA:156,1
DA:157,1
DA:164,1
DA:166,1
DA:167,1
DA:168,1
DA:169,2
DA:170,1
DA:171,2
DA:173,1
DA:174,1
DA:176,1
DA:178,4
DA:181,1
DA:183,1
DA:186,1
DA:187,1
DA:188,1
DA:189,1
DA:190,1
DA:191,2
DA:192,1
DA:193,1
DA:195,3
DA:198,4
DA:199,1
DA:200,1
DA:203,6
DA:205,2
DA:206,0
DA:207,0
DA:208,0
DA:210,0
DA:214,4
DA:215,1
DA:217,0
DA:218,1
DA:219,0
DA:220,1
DA:222,1
DA:223,1
DA:224,1
DA:225,2
DA:226,1
DA:227,2
DA:229,1
DA:232,1
DA:235,1
DA:237,0
DA:238,1
DA:239,0
DA:240,1
DA:242,1
DA:243,1
DA:244,2
DA:246,1
DA:247,2
DA:250,2
DA:256,1
DA:257,3
DA:258,1
DA:259,1
DA:260,2
DA:262,1
DA:263,2
DA:264,1
DA:266,2
DA:267,1
DA:273,3
DA:274,1
DA:275,2
DA:276,1
DA:279,1
DA:280,2
DA:281,2
DA:284,3
DA:301,1
DA:313,1
DA:315,1
DA:316,1
DA:317,1
DA:318,1
DA:320,1
DA:321,1
DA:322,2
DA:323,2
DA:325,1
DA:327,1
DA:328,2
DA:330,1
DA:332,1
DA:333,4
DA:334,2
DA:335,1
DA:336,1
DA:337,2
DA:340,2
DA:350,2
DA:354,2
DA:356,2
DA:358,3
DA:359,2
DA:361,4
DA:363,2
DA:364,2
DA:366,4
DA:373,1
DA:374,2
DA:378,0
LF:165
LH:152
end_of_record
SF:lib/src/presentation/routes/tv_routes.dart
DA:12,0
DA:21,1
DA:22,1
DA:23,1
DA:24,1
DA:27,0
DA:28,0
DA:39,1
DA:40,1
DA:41,1
DA:44,0
DA:45,0
DA:52,1
DA:55,0
DA:56,0
DA:63,1
DA:66,0
DA:67,0
DA:71,0
DA:72,0
DA:77,0
DA:81,1
DA:84,0
DA:85,0
LF:24
LH:10
end_of_record
SF:lib/src/presentation/pages/watchlist_movies_page.dart
DA:10,1
DA:12,2
DA:13,2
DA:20,2
DA:22,2
DA:23,4
DA:24,4
DA:27,2
DA:29,2
DA:30,8
DA:33,0
DA:35,0
DA:38,2
DA:39,6
DA:40,6
DA:43,2
DA:45,2
DA:46,2
DA:48,2
DA:49,2
DA:56,2
DA:58,2
DA:59,2
DA:66,2
DA:68,4
DA:69,4
DA:70,2
DA:75,1
DA:77,2
DA:79,2
DA:80,2
DA:81,4
DA:83,4
DA:84,2
DA:87,1
DA:88,1
DA:89,2
DA:90,1
DA:92,2
DA:95,1
DA:97,2
DA:106,1
DA:108,0
DA:110,0
DA:111,0
DA:112,0
DA:114,0
DA:115,0
DA:118,0
DA:119,0
DA:120,0
DA:121,0
DA:123,0
DA:126,0
DA:128,0
LF:55
LH:40
end_of_record
SF:lib/src/presentation/routes/watchlist_routes.dart
DA:7,0
DA:12,1
DA:13,1
DA:14,1
DA:15,1
DA:18,2
DA:19,1
LF:7
LH:6
end_of_record
SF:lib/resources.dart
DA:2,0
LF:1
LH:0
end_of_record
SF:lib/src/app_router.dart
DA:4,1
DA:17,1
DA:19,1
DA:22,1
DA:23,1
DA:24,1
DA:25,1
DA:29,1
DA:31,0
DA:36,0
DA:38,0
LF:11
LH:8
end_of_record
SF:lib/src/constants.dart
DA:12,0
DA:16,0
DA:21,0
DA:26,0
DA:32,0
DA:33,0
DA:34,0
DA:35,0
DA:36,0
DA:39,0
LF:10
LH:0
end_of_record
SF:lib/src/exception.dart
DA:4,1
DA:10,1
LF:2
LH:2
end_of_record
SF:lib/src/extensions/date_extension.dart
DA:17,1
DA:18,2
DA:20,1
DA:23,2
DA:26,3
LF:5
LH:5
end_of_record
SF:lib/src/failure.dart
DA:4,1
DA:8,0
DA:9,0
DA:13,1
DA:17,0
DA:21,0
DA:25,0
LF:7
LH:2
end_of_record
SF:lib/src/main_shell_page.dart
DA:7,1
DA:11,1
DA:13,1
DA:14,1
DA:15,1
DA:16,2
DA:22,1
DA:23,2
DA:27,3
DA:29,3
LF:10
LH:10
end_of_record
SF:lib/src/route_observer.dart
DA:3,3
LF:1
LH:1
end_of_record
SF:lib/src/analytics/analytics_tracker.dart
DA:4,1
DA:11,0
DA:41,0
DA:42,0
DA:46,0
DA:48,0
DA:51,0
DA:56,0
DA:59,0
DA:64,0
DA:70,0
DA:72,0
DA:91,1
DA:92,0
DA:96,0
DA:98,0
DA:101,1
DA:103,3
DA:106,1
DA:112,4
DA:113,2
DA:119,1
DA:121,2
DA:124,1
DA:125,1
DA:126,2
DA:127,1
DA:131,2
DA:132,2
DA:134,0
LF:30
LH:15
end_of_record
SF:lib/src/analytics/app_info_provider.dart
DA:12,0
DA:14,0
DA:15,0
DA:16,0
DA:18,0
DA:21,0
DA:22,0
LF:7
LH:0
end_of_record
SF:lib/src/analytics/app_route_tracking_scope.dart
DA:10,1
DA:29,1
DA:30,1
DA:36,1
DA:38,1
DA:39,1
DA:42,0
DA:44,0
DA:45,0
DA:48,1
DA:49,1
DA:50,2
DA:51,2
DA:52,2
DA:53,2
DA:54,2
DA:55,2
DA:56,1
DA:58,2
DA:61,1
DA:63,2
DA:64,2
DA:65,4
DA:66,4
DA:67,2
DA:68,4
DA:72,4
DA:76,1
DA:77,3
DA:78,2
DA:79,2
DA:80,1
DA:81,2
DA:82,2
DA:83,2
DA:89,1
DA:91,2
LF:37
LH:34
end_of_record
SF:lib/src/crashlytics/app_bloc_observer.dart
DA:8,1
DA:12,1
DA:14,1
DA:15,2
DA:19,3
DA:22,1
LF:6
LH:6
end_of_record
SF:lib/src/crashlytics/crash_reporter.dart
DA:4,1
DA:39,0
DA:40,0
DA:44,0
DA:46,0
DA:49,0
DA:56,0
DA:57,0
DA:65,0
DA:72,0
DA:73,0
DA:81,0
DA:83,0
DA:86,0
DA:88,0
DA:91,0
DA:96,0
DA:97,0
DA:100,0
DA:101,0
DA:102,0
DA:106,0
LF:22
LH:1
end_of_record
SF:lib/src/di/core_injection.dart
DA:10,1
DA:11,2
DA:12,2
DA:13,2
DA:14,2
DA:15,0
DA:17,2
DA:18,0
DA:20,2
DA:21,2
LF:10
LH:8
end_of_record
SF:lib/src/di/locator.dart
DA:3,3
LF:1
LH:1
end_of_record
SF:lib/src/models/paged_response_dto.dart
DA:4,1
DA:11,1
DA:16,1
DA:17,3
DA:18,3
DA:19,1
DA:21,1
DA:22,1
DA:24,1
DA:25,1
DA:34,1
DA:36,1
DA:37,1
DA:38,3
DA:39,1
DA:40,1
DA:43,0
DA:44,0
LF:18
LH:16
end_of_record
SF:lib/src/network/network_info.dart
DA:8,1
DA:12,1
DA:13,2
LF:3
LH:3
end_of_record
SF:lib/src/usecase/usecase.dart
DA:8,1
DA:10,0
DA:11,0
LF:3
LH:1
end_of_record
